<?xml version="1.0" encoding="UTF-8"?>
<testng-results ignored="0" total="0" passed="0" failed="0" skipped="0">
  <reporter-output>
  </reporter-output>
  <suite started-at="2023-10-09T17:04:43 EDT" name="Default suite" finished-at="2023-10-09T17:04:43 EDT" duration-ms="74">
    <groups>
      <group name="cucumber">
        <method signature="AbstractTestNGCucumberTests.runScenario(io.cucumber.testng.PickleWrapper,io.cucumber.testng.FeatureWrapper)[pri:0, instance:com.training.runner.Runner_ParallelExe@71b1176b]" name="runScenario" class="io.cucumber.testng.AbstractTestNGCucumberTests"/>
      </group> <!-- cucumber -->
    </groups>
    <test started-at="2023-10-09T17:04:43 EDT" name="Default test" finished-at="2023-10-09T17:04:43 EDT" duration-ms="74">
      <class name="com.training.runner.Runner_ParallelExe">
        <test-method is-config="true" signature="setUpClass(org.testng.ITestContext)[pri:0, instance:com.training.runner.Runner_ParallelExe@71b1176b]" started-at="2023-10-09T17:04:43 EDT" name="setUpClass" finished-at="2023-10-09T17:04:43 EDT" duration-ms="59" status="PASS">
          <params>
            <param index="0">
              <value>
                <![CDATA[org.testng.TestRunner@17f62e33]]>
              </value>
            </param>
          </params>
          <reporter-output>
          </reporter-output>
        </test-method> <!-- setUpClass -->
        <test-method is-config="true" signature="tearDownClass()[pri:0, instance:com.training.runner.Runner_ParallelExe@71b1176b]" started-at="2023-10-09T17:04:43 EDT" name="tearDownClass" finished-at="2023-10-09T17:04:43 EDT" duration-ms="4" status="PASS">
          <reporter-output>
          </reporter-output>
        </test-method> <!-- tearDownClass -->
      </class> <!-- com.training.runner.Runner_ParallelExe -->
    </test> <!-- Default test -->
  </suite> <!-- Default suite -->
</testng-results>
